
================================================================================
命令: python autograder.py -q q1
开始时间: 2026-01-28 23:46:33
================================================================================

E:\Mywork\DKU courses\sophomore\cs204\CS188\search\autograder.py:275: SyntaxWarning: invalid escape sequence '\.'
  tests = filter(lambda t: re.match('[^#~.].*\.test\Z', t), os.listdir(subdir_path))
E:\Mywork\DKU courses\sophomore\cs204\CS188\search\autograder.py:276: SyntaxWarning: invalid escape sequence '\.'
  tests = map(lambda t: re.match('(.*)\.test\Z', t).group(1), tests)
E:\Mywork\DKU courses\sophomore\cs204\CS188\search\autograder.py:349: SyntaxWarning: invalid escape sequence '\.'
  moduleName = re.match('.*?([^/]*)\.py', cp).group(1)
E:\Mywork\DKU courses\sophomore\cs204\CS188\search\autograder.py:351: SyntaxWarning: invalid escape sequence '\.'
  moduleName = re.match('.*?([^/]*)\.py', options.testCaseCode).group(1)
Starting on 1-28 at 23:46:33

Question q1
===========
A -> B
A -> C
A -> D
C -> G
*** PASS: test_cases\q1\graph_backtrack.test
*** 	solution:		['1:A->C', '0:C->G']
*** 	expanded_states:	['A', 'D', 'C']
A -> B
A -> G
A -> D
D -> G
*** PASS: test_cases\q1\graph_bfs_vs_dfs.test
*** 	solution:		['2:A->D', '0:D->G']
*** 	expanded_states:	['A', 'D']
A -> B
B -> C
C -> G
*** PASS: test_cases\q1\graph_infinite.test
*** 	solution:		['0:A->B', '1:B->C', '1:C->G']
*** 	expanded_states:	['A', 'B', 'C']
A -> B1
A -> C
A -> B2
B2 -> C
C -> D
D -> E1
D -> F
D -> E2
E2 -> F
F -> G
*** PASS: test_cases\q1\graph_manypaths.test
*** 	solution:		['2:A->B2', '0:B2->C', '0:C->D', '2:D->E2', '0:E2->F', '0:F->G']
*** 	expanded_states:	['A', 'B2', 'C', 'D', 'E2', 'F']
(34, 16) -> (34, 15)
(34, 16) -> (33, 16)
(33, 16) -> (32, 16)
(32, 16) -> (31, 16)
(31, 16) -> (30, 16)
(30, 16) -> (29, 16)
(29, 16) -> (28, 16)
(28, 16) -> (27, 16)
(27, 16) -> (26, 16)
(26, 16) -> (25, 16)
(25, 16) -> (25, 15)
(25, 16) -> (24, 16)
(24, 16) -> (23, 16)
(23, 16) -> (22, 16)
(22, 16) -> (21, 16)
(21, 16) -> (20, 16)
(20, 16) -> (19, 16)
(19, 16) -> (18, 16)
(18, 16) -> (17, 16)
(17, 16) -> (16, 16)
(16, 16) -> (15, 16)
(15, 16) -> (14, 16)
(14, 16) -> (13, 16)
(13, 16) -> (12, 16)
(12, 16) -> (11, 16)
(11, 16) -> (10, 16)
(10, 16) -> (9, 16)
(9, 16) -> (8, 16)
(8, 16) -> (7, 16)
(7, 16) -> (6, 16)
(6, 16) -> (5, 16)
(5, 16) -> (4, 16)
(4, 16) -> (3, 16)
(3, 16) -> (2, 16)
(2, 16) -> (1, 16)
(1, 16) -> (1, 15)
(1, 15) -> (1, 14)
(1, 14) -> (1, 13)
(1, 13) -> (1, 12)
(1, 12) -> (1, 11)
(1, 11) -> (1, 10)
(1, 10) -> (1, 9)
(1, 9) -> (1, 8)
(1, 8) -> (1, 7)
(1, 7) -> (2, 7)
(2, 7) -> (3, 7)
(3, 7) -> (4, 7)
(4, 7) -> (4, 8)
(4, 8) -> (4, 9)
(4, 9) -> (4, 10)
(4, 10) -> (4, 11)
(4, 10) -> (3, 10)
(4, 11) -> (4, 12)
(4, 12) -> (4, 13)
(4, 13) -> (4, 14)
(4, 14) -> (5, 14)
(5, 14) -> (6, 14)
(6, 14) -> (6, 13)
(6, 13) -> (6, 12)
(6, 12) -> (6, 11)
(6, 11) -> (6, 10)
(6, 10) -> (6, 9)
(6, 9) -> (6, 8)
(6, 8) -> (7, 8)
(7, 8) -> (8, 8)
(8, 8) -> (8, 9)
(8, 9) -> (8, 10)
(8, 10) -> (8, 11)
(8, 11) -> (8, 12)
(8, 12) -> (8, 13)
(8, 13) -> (8, 14)
(8, 14) -> (9, 14)
(9, 14) -> (10, 14)
(10, 14) -> (10, 13)
(10, 13) -> (10, 12)
(10, 12) -> (10, 11)
(10, 11) -> (10, 10)
(10, 10) -> (11, 10)
(11, 10) -> (12, 10)
(12, 10) -> (12, 11)
(12, 11) -> (12, 12)
(12, 12) -> (12, 13)
(12, 12) -> (13, 12)
(13, 12) -> (14, 12)
(14, 12) -> (14, 11)
(14, 12) -> (15, 12)
(15, 12) -> (16, 12)
(16, 12) -> (17, 12)
(17, 12) -> (17, 13)
(17, 12) -> (18, 12)
(18, 12) -> (19, 12)
(19, 12) -> (19, 11)
(19, 12) -> (20, 12)
(20, 12) -> (20, 11)
(20, 12) -> (21, 12)
(21, 12) -> (22, 12)
(22, 12) -> (23, 12)
(23, 12) -> (24, 12)
(24, 12) -> (24, 11)
(24, 11) -> (25, 11)
(25, 11) -> (26, 11)
(26, 11) -> (27, 11)
(27, 11) -> (27, 12)
(27, 12) -> (27, 13)
(27, 13) -> (27, 14)
(27, 14) -> (26, 14)
(26, 14) -> (25, 14)
(25, 14) -> (25, 15)
(20, 11) -> (20, 10)
(20, 11) -> (19, 11)
(20, 10) -> (20, 9)
(20, 9) -> (21, 9)
(21, 9) -> (22, 9)
(22, 9) -> (23, 9)
(23, 9) -> (24, 9)
(24, 9) -> (25, 9)
(25, 9) -> (26, 9)
(26, 9) -> (27, 9)
(27, 9) -> (27, 8)
(27, 8) -> (27, 7)
(27, 7) -> (27, 6)
(27, 6) -> (27, 5)
(27, 5) -> (27, 4)
(27, 4) -> (27, 3)
(27, 3) -> (27, 2)
(27, 2) -> (27, 1)
(27, 2) -> (26, 2)
(26, 2) -> (25, 2)
(25, 2) -> (24, 2)
(24, 2) -> (23, 2)
(23, 2) -> (22, 2)
(22, 2) -> (21, 2)
(21, 2) -> (20, 2)
(20, 2) -> (19, 2)
(19, 2) -> (18, 2)
(18, 2) -> (17, 2)
(17, 2) -> (16, 2)
(16, 2) -> (15, 2)
(15, 2) -> (15, 3)
(15, 2) -> (14, 2)
(14, 2) -> (13, 2)
(13, 2) -> (12, 2)
(12, 2) -> (11, 2)
(11, 2) -> (10, 2)
(10, 2) -> (10, 1)
(10, 1) -> (9, 1)
(9, 1) -> (8, 1)
(8, 1) -> (7, 1)
(7, 1) -> (6, 1)
(6, 1) -> (5, 1)
(5, 1) -> (4, 1)
(4, 1) -> (3, 1)
(3, 1) -> (2, 1)
(2, 1) -> (1, 1)
*** PASS: test_cases\q1\pacman_1.test
*** 	pacman layout:		mediumMaze
*** 	solution length: 130
*** 	nodes expanded:		146

### Question q1: 3/3 ###


Finished at 23:46:33

Provisional grades
==================
Question q1: 3/3
------------------
Total: 3/3

Your grades are NOT yet registered.  To register your grades, make sure
to follow your instructor's guidelines to receive credit on your project.


================================================================================
结束时间: 2026-01-28 23:46:33
返回码: 0
================================================================================
